C:\Program Files (x86)\Microsoft Visual Studio\2019\Community\MSBuild\Microsoft\VC\v160\Microsoft.CppBuild.targets(513,5): warning MSB8028: промежуточный каталог (Release\) содержит файлы, которые используются совместно с другим проектом (Saper.vcxproj).  Это может привести к ошибкам очистки и перестроения.
  main.cpp
C:\gits\MyProjects\Sapper\Saper\Saper\main.cpp(59,49): warning C4244: аргумент: преобразование "int" в "float", возможна потеря данных
C:\gits\MyProjects\Sapper\Saper\Saper\main.cpp(59,36): warning C4244: аргумент: преобразование "int" в "float", возможна потеря данных
C:\gits\MyProjects\Sapper\Saper\Saper\main.cpp(64,41): warning C4244: аргумент: преобразование "int" в "float", возможна потеря данных
C:\gits\MyProjects\Sapper\Saper\Saper\main.cpp(64,29): warning C4244: аргумент: преобразование "int" в "float", возможна потеря данных
C:\gits\MyProjects\Sapper\Saper\Saper\main.cpp(150,70): warning C4244: аргумент: преобразование "T" в "T", возможна потеря данных
          with
          [
              T=int
          ]
          and
          [
              T=float
          ]
C:\gits\MyProjects\Sapper\Saper\Saper\main.cpp(150,58): warning C4244: аргумент: преобразование "T" в "T", возможна потеря данных
          with
          [
              T=int
          ]
          and
          [
              T=float
          ]
C:\gits\MyProjects\Sapper\Saper\Saper\main.cpp(194,70): warning C4244: аргумент: преобразование "T" в "T", возможна потеря данных
          with
          [
              T=int
          ]
          and
          [
              T=float
          ]
C:\gits\MyProjects\Sapper\Saper\Saper\main.cpp(194,58): warning C4244: аргумент: преобразование "T" в "T", возможна потеря данных
          with
          [
              T=int
          ]
          and
          [
              T=float
          ]
C:\gits\MyProjects\Sapper\Saper\Saper\main.cpp(221,20): warning C4244: аргумент: преобразование "int" в "T", возможна потеря данных
          with
          [
              T=float
          ]
C:\gits\MyProjects\Sapper\Saper\Saper\main.cpp(222,23): warning C4244: аргумент: преобразование "int" в "T", возможна потеря данных
          with
          [
              T=float
          ]
C:\gits\MyProjects\Sapper\Saper\Saper\main.cpp(222,20): warning C4244: аргумент: преобразование "int" в "T", возможна потеря данных
          with
          [
              T=float
          ]
C:\gits\MyProjects\Sapper\Saper\Saper\main.cpp(230,23): warning C4244: аргумент: преобразование "int" в "T", возможна потеря данных
          with
          [
              T=float
          ]
C:\gits\MyProjects\Sapper\Saper\Saper\main.cpp(231,27): warning C4244: аргумент: преобразование "int" в "T", возможна потеря данных
          with
          [
              T=float
          ]
C:\gits\MyProjects\Sapper\Saper\Saper\main.cpp(231,20): warning C4244: аргумент: преобразование "int" в "T", возможна потеря данных
          with
          [
              T=float
          ]
  Создание кода
C:\gits\MyProjects\Sapper\Saper\Saper\main.cpp(272): warning C4715: ChooseMap: значение возвращается не при всех путях выполнения
  10 of 203 functions ( 4.9%) were compiled, the rest were copied from previous compilation.
    9 functions were new in current compilation
    0 functions had inline decision re-evaluated but remain unchanged
  Создание кода завершено
  Saper.vcxproj -> C:\gits\MyProjects\Sapper\Saper\Release\Sapper.exe
